0 info it worked if it ends with ok
1 verbose cli [ '/Users/melissagonzales/.nvm/versions/node/v6.12.3/bin/node',
1 verbose cli   '/Users/melissagonzales/.nvm/versions/node/v6.12.3/bin/npm',
1 verbose cli   'start' ]
2 info using npm@3.10.10
3 info using node@v6.12.3
4 verbose run-script [ 'prestart', 'start', 'poststart' ]
5 info lifecycle supertube@1.0.0~prestart: supertube@1.0.0
6 silly lifecycle supertube@1.0.0~prestart: no script for prestart, continuing
7 info lifecycle supertube@1.0.0~start: supertube@1.0.0
8 verbose lifecycle supertube@1.0.0~start: unsafe-perm in lifecycle true
9 verbose lifecycle supertube@1.0.0~start: PATH: /Users/melissagonzales/.nvm/versions/node/v6.12.3/lib/node_modules/npm/bin/node-gyp-bin:/Users/melissagonzales/SuperTube/node_modules/.bin:/Users/melissagonzales/.nvm/versions/node/v6.12.3/bin:/usr/local/bin:/usr/bin:/bin:/usr/sbin:/sbin:/Library/TeX/texbin:/Library/Frameworks/Mono.framework/Versions/Current/Commands
10 verbose lifecycle supertube@1.0.0~start: CWD: /Users/melissagonzales/SuperTube
11 silly lifecycle supertube@1.0.0~start: Args: [ '-c',
11 silly lifecycle   'node ./node_modules/webpack-dev-server/bin/webpack-dev-server.js' ]
12 silly lifecycle supertube@1.0.0~start: Returned: code: 1  signal: null
13 info lifecycle supertube@1.0.0~start: Failed to exec start script
14 verbose stack Error: supertube@1.0.0 start: `node ./node_modules/webpack-dev-server/bin/webpack-dev-server.js`
14 verbose stack Exit status 1
14 verbose stack     at EventEmitter.<anonymous> (/Users/melissagonzales/.nvm/versions/node/v6.12.3/lib/node_modules/npm/lib/utils/lifecycle.js:255:16)
14 verbose stack     at emitTwo (events.js:106:13)
14 verbose stack     at EventEmitter.emit (events.js:191:7)
14 verbose stack     at ChildProcess.<anonymous> (/Users/melissagonzales/.nvm/versions/node/v6.12.3/lib/node_modules/npm/lib/utils/spawn.js:40:14)
14 verbose stack     at emitTwo (events.js:106:13)
14 verbose stack     at ChildProcess.emit (events.js:191:7)
14 verbose stack     at maybeClose (internal/child_process.js:920:16)
14 verbose stack     at Process.ChildProcess._handle.onexit (internal/child_process.js:230:5)
15 verbose pkgid supertube@1.0.0
16 verbose cwd /Users/melissagonzales/SuperTube
17 error Darwin 17.4.0
18 error argv "/Users/melissagonzales/.nvm/versions/node/v6.12.3/bin/node" "/Users/melissagonzales/.nvm/versions/node/v6.12.3/bin/npm" "start"
19 error node v6.12.3
20 error npm  v3.10.10
21 error code ELIFECYCLE
22 error supertube@1.0.0 start: `node ./node_modules/webpack-dev-server/bin/webpack-dev-server.js`
22 error Exit status 1
23 error Failed at the supertube@1.0.0 start script 'node ./node_modules/webpack-dev-server/bin/webpack-dev-server.js'.
23 error Make sure you have the latest version of node.js and npm installed.
23 error If you do, this is most likely a problem with the supertube package,
23 error not with npm itself.
23 error Tell the author that this fails on your system:
23 error     node ./node_modules/webpack-dev-server/bin/webpack-dev-server.js
23 error You can get information on how to open an issue for this project with:
23 error     npm bugs supertube
23 error Or if that isn't available, you can get their info via:
23 error     npm owner ls supertube
23 error There is likely additional logging output above.
24 verbose exit [ 1, true ]
